<?xml version="1.0" encoding="UTF-8"?>
<!-- Generated by org.testng.reporters.JUnitXMLReporter -->
<testsuite ignored="0" hostname="Brintos-MacBook-Pro.local" failures="0" tests="3" name="Default test" time="23.533" errors="0" timestamp="10 Sep 2020 21:08:03 GMT">
  <testcase classname="brinto.iframe3.homework.IframeHomework" name="frameCount" time="0.015"/>
  <testcase classname="brinto.iframe3.homework.IframeHomework" name="getIframeText" time="10.113"/>
  <testcase classname="brinto.iframe3.homework.IframeHomework" name="setConnection" time="0.435"/>
</testsuite> <!-- Default test -->
