<?xml version="1.0" encoding="UTF-8"?>
<testng-results ignored="0" total="3" passed="3" failed="0" skipped="0">
  <reporter-output>
  </reporter-output>
  <suite started-at="2020-09-10T21:07:34Z" name="Default suite" finished-at="2020-09-10T21:07:58Z" duration-ms="23533">
    <groups>
    </groups>
    <test started-at="2020-09-10T21:07:34Z" name="Default test" finished-at="2020-09-10T21:07:58Z" duration-ms="23533">
      <class name="brinto.iframe3.homework.IframeHomework">
        <test-method is-config="true" signature="iframeTest()[pri:0, instance:brinto.iframe3.homework.IframeHomework@2f67a4d3]" started-at="2020-09-10T21:07:34Z" name="iframeTest" finished-at="2020-09-10T21:07:47Z" duration-ms="12949" status="PASS">
          <reporter-output>
          </reporter-output>
        </test-method> <!-- iframeTest -->
        <test-method signature="frameCount()[pri:0, instance:brinto.iframe3.homework.IframeHomework@2f67a4d3]" started-at="2020-09-10T21:07:47Z" name="frameCount" finished-at="2020-09-10T21:07:47Z" duration-ms="15" status="PASS">
          <reporter-output>
          </reporter-output>
        </test-method> <!-- frameCount -->
        <test-method signature="getIframeText()[pri:0, instance:brinto.iframe3.homework.IframeHomework@2f67a4d3]" started-at="2020-09-10T21:07:47Z" name="getIframeText" finished-at="2020-09-10T21:07:57Z" duration-ms="10113" status="PASS">
          <reporter-output>
          </reporter-output>
        </test-method> <!-- getIframeText -->
        <test-method signature="setConnection()[pri:0, instance:brinto.iframe3.homework.IframeHomework@2f67a4d3]" started-at="2020-09-10T21:07:57Z" name="setConnection" finished-at="2020-09-10T21:07:58Z" duration-ms="435" status="PASS">
          <reporter-output>
          </reporter-output>
        </test-method> <!-- setConnection -->
      </class> <!-- brinto.iframe3.homework.IframeHomework -->
    </test> <!-- Default test -->
  </suite> <!-- Default suite -->
</testng-results>
